2024-12-05 19:59:33,148 Настройка тока: CH1:CURRENT 2.5
2024-12-05 19:59:33,148 Отправка команды: CH1:CURRENT 2.5
2024-12-05 20:01:47,029 Ошибка отправки команды 'CH1:CURRENT 2.5': [Errno 110] Connect call failed ('192.168.0.10', 5025)
2024-12-05 20:11:34,491 Task was destroyed but it is pending!
task: <Task pending name='Task-1' coro=<start_telemetry() running at /home/pshahsilo/home_app/DriverApp/app/main.py:20> cb=[<lambda>() at /home/pshahsilo/home_app/DriverApp/app/main.py:31]>
2024-12-05 20:23:05,628 Настройка тока: CH1:CURRENT 2.0
2024-12-05 20:23:05,628 Отправка команды: CH1:CURRENT 2.0
2024-12-05 20:24:51,734 Task was destroyed but it is pending!
task: <Task pending name='Task-1' coro=<start_telemetry() running at /home/pshahsilo/home_app/DriverApp/app/main.py:20> cb=[<lambda>() at /home/pshahsilo/home_app/DriverApp/app/main.py:31]>
2024-12-06 15:28:48,160 Выключение канала: 1
2024-12-06 15:28:48,160 Отправка команды: CH1:STATE OFF
2024-12-06 15:29:12,267 Отправка команды: CH2:MEASURE?
2024-12-06 15:31:02,991 Ошибка отправки команды 'CH1:STATE OFF': [Errno 110] Connect call failed ('169.254.129.17', 5025)
2024-12-06 15:31:27,567 Ошибка отправки команды 'CH2:MEASURE?': [Errno 110] Connect call failed ('169.254.129.17', 5025)
2024-12-06 15:31:38,270 Настройка тока: CH1:CURRENT 1.0
2024-12-06 15:31:38,270 Отправка команды: CH1:CURRENT 1.0
2024-12-06 15:33:50,927 Ошибка отправки команды 'CH1:CURRENT 1.0': [Errno 110] Connect call failed ('169.254.129.17', 5025)
2024-12-06 15:35:04,663 Task was destroyed but it is pending!
task: <Task pending name='Task-1' coro=<start_telemetry() running at /home/pshahsilo/home_app/DriverApp/app/main.py:20> cb=[<lambda>() at /home/pshahsilo/home_app/DriverApp/app/main.py:31]>
2024-12-06 16:38:44,533 Настройка тока: CH1:CURRENT 2.0
2024-12-06 16:38:44,533 Отправка команды: CH1:CURRENT 2.0
2024-12-06 16:39:49,475 Task was destroyed but it is pending!
task: <Task pending name='Task-1' coro=<start_telemetry() running at /home/pshahsilo/home_app/DriverApp/app/main.py:20> cb=[<lambda>() at /home/pshahsilo/home_app/DriverApp/app/main.py:31]>
2024-12-06 16:40:01,759 Настройка тока: CH1:CURRENT 2.0
2024-12-06 16:40:01,760 Отправка команды: CH1:CURRENT 2.0
2024-12-06 16:40:01,761 Получен ответ: Ток установлен на 2.0 для канала 1
2024-12-06 16:40:01,761 Настройка напряжения: CH1:VOLTAGE 12.0
2024-12-06 16:40:01,761 Отправка команды: CH1:VOLTAGE 12.0
2024-12-06 16:40:01,762 Получен ответ: Напряжение установлено на 12.0 для канала 1
2024-12-06 16:40:01,762 Включение канала: 1
2024-12-06 16:40:01,762 Отправка команды: CH1:STATE ON
2024-12-06 16:40:01,762 Получен ответ: Канал 1 включен
2024-12-06 16:40:43,715 Выключение канала: 1
2024-12-06 16:40:43,715 Отправка команды: CH1:STATE OFF
2024-12-06 16:40:43,716 Получен ответ: Канал 1 выключен
2024-12-06 16:41:17,446 Отправка команды: CH1:MEASURE?
2024-12-06 16:41:17,449 Получен ответ: 
2024-12-06 16:41:17,449 Измерение состояния канала 1: 
2024-12-06 16:42:17,229 Отправка команды: CH2:MEASURE?
2024-12-06 16:42:17,231 Получен ответ: 
2024-12-06 16:42:17,231 Измерение состояния канала 2: 
2024-12-06 16:43:22,303 Task was destroyed but it is pending!
task: <Task pending name='Task-1' coro=<start_telemetry() running at /home/pshahsilo/home_app/DriverApp/app/main.py:20> cb=[<lambda>() at /home/pshahsilo/home_app/DriverApp/app/main.py:31]>
2024-12-06 17:14:54,091 Настройка тока: CH1:CURRENT 1.0
2024-12-06 17:14:54,091 Отправка команды: CH1:CURRENT 1.0
2024-12-06 17:14:54,093 Получен ответ: Ток установлен на 1.0 для канала 1
2024-12-06 17:14:54,093 Настройка напряжения: CH1:VOLTAGE 12.0
2024-12-06 17:14:54,093 Отправка команды: CH1:VOLTAGE 12.0
2024-12-06 17:14:54,094 Получен ответ: Напряжение установлено на 12.0 для канала 1
2024-12-06 17:14:54,094 Включение канала: 1
2024-12-06 17:14:54,094 Отправка команды: CH1:STATE ON
2024-12-06 17:14:54,095 Получен ответ: Канал 1 включен
2024-12-06 20:38:09,011 Настройка тока: CH1:CURRENT 1.0
2024-12-06 20:38:09,011 Отправка команды: CH1:CURRENT 1.0
2024-12-06 20:38:09,012 Получен ответ: Ток установлен на 1.0 для канала 1
2024-12-06 20:38:09,013 Настройка напряжения: CH1:VOLTAGE 12.0
2024-12-06 20:38:09,013 Отправка команды: CH1:VOLTAGE 12.0
2024-12-06 20:38:09,014 Получен ответ: Напряжение установлено на 12.0 для канала 1
2024-12-06 20:38:09,014 Включение канала: 1
2024-12-06 20:38:09,014 Отправка команды: CH1:STATE ON
2024-12-06 20:38:09,014 Получен ответ: Канал 1 включен
2024-12-06 20:38:36,252 Выключение канала: 2
2024-12-06 20:38:36,252 Отправка команды: CH2:STATE OFF
2024-12-06 20:38:36,253 Получен ответ: Канал 2 выключен
2024-12-06 20:38:52,669 Отправка команды: CH2:MEASURE?
2024-12-06 20:38:52,671 Получен ответ: 
2024-12-06 20:38:52,671 Измерение состояния канала 2: 
2024-12-06 20:59:24,818 Task was destroyed but it is pending!
task: <Task pending name='Task-1' coro=<start_telemetry() running at /home/pshahsilo/home_app/DriverApp/app/main.py:24> cb=[<lambda>() at /home/pshahsilo/home_app/DriverApp/app/main.py:35]>
2024-12-06 20:59:36,511 Отправка команды: CH1:MEASURE?
2024-12-06 20:59:36,512 Получен ответ: 0.0В, 0.0А, OFF
2024-12-06 20:59:36,512 Измерение состояния канала 1: 0.0В, 0.0А, OFF
2024-12-06 21:00:24,032 Task was destroyed but it is pending!
task: <Task pending name='Task-1' coro=<start_telemetry() running at /home/pshahsilo/home_app/DriverApp/app/main.py:24> cb=[<lambda>() at /home/pshahsilo/home_app/DriverApp/app/main.py:35]>
2024-12-06 21:00:33,602 Отправка команды: CH2:MEASURE?
2024-12-06 21:00:33,603 Получен ответ: 0.0 В, 0.0 А, OFF
2024-12-06 21:00:33,604 Измерение состояния канала 2: 0.0 В, 0.0 А, OFF
2024-12-06 21:00:38,850 Отправка команды: CH1:MEASURE?
2024-12-06 21:00:38,851 Получен ответ: 0.0 В, 0.0 А, OFF
2024-12-06 21:00:38,851 Измерение состояния канала 1: 0.0 В, 0.0 А, OFF
2024-12-06 21:00:50,520 Настройка тока: CH1:CURRENT 2.0
2024-12-06 21:00:50,520 Отправка команды: CH1:CURRENT 2.0
2024-12-06 21:00:50,521 Получен ответ: Ток установлен на 2.0 для канала 1
2024-12-06 21:00:50,521 Настройка напряжения: CH1:VOLTAGE 12.0
2024-12-06 21:00:50,521 Отправка команды: CH1:VOLTAGE 12.0
2024-12-06 21:00:50,522 Получен ответ: Напряжение установлено на 12.0 для канала 1
2024-12-06 21:00:50,522 Включение канала: 1
2024-12-06 21:00:50,522 Отправка команды: CH1:STATE ON
2024-12-06 21:00:50,523 Получен ответ: Канал 1 включен
2024-12-06 21:00:55,763 Отправка команды: CH1:MEASURE?
2024-12-06 21:00:55,764 Получен ответ: 12.0 В, 2.0 А, ON
2024-12-06 21:00:55,764 Измерение состояния канала 1: 12.0 В, 2.0 А, ON
2024-12-06 21:20:37,348 Отправка команды: CH1:MEASURE?
2024-12-06 21:20:37,349 Получен ответ: 5.0 В, 1.0 А, OFF
2024-12-06 21:20:37,349 Измерение состояния канала 1: 5.0 В, 1.0 А, OFF
2024-12-06 21:30:43,693 Task was destroyed but it is pending!
task: <Task pending name='Task-1' coro=<start_telemetry() running at /home/pshahsilo/home_app/DriverApp/app/main.py:24> cb=[<lambda>() at /home/pshahsilo/home_app/DriverApp/app/main.py:35]>
2024-12-06 21:32:29,623 Настройка тока: CH1:CURRENT 2.0
2024-12-06 21:32:29,624 Отправка команды: CH1:CURRENT 2.0
2024-12-06 21:32:29,625 Получен ответ: Ток установлен на 2.0 для канала 1
2024-12-06 21:32:29,625 Настройка напряжения: CH1:VOLTAGE 12.0
2024-12-06 21:32:29,625 Отправка команды: CH1:VOLTAGE 12.0
2024-12-06 21:32:29,626 Получен ответ: Напряжение установлено на 12.0 для канала 1
2024-12-06 21:32:29,626 Включение канала: 1
2024-12-06 21:32:29,626 Отправка команды: CH1:STATE ON
2024-12-06 21:32:29,627 Получен ответ: Канал 1 включен
2024-12-06 21:34:33,010 Выключение канала: 1
2024-12-06 21:34:33,010 Отправка команды: CH1:STATE OFF
2024-12-06 21:34:33,011 Получен ответ: Канал 1 выключен
2024-12-06 21:34:43,781 Отправка команды: CH2:MEASURE?
2024-12-06 21:34:43,782 Получен ответ: 0.0 В, 0.0 А, OFF
2024-12-06 21:34:43,782 Измерение состояния канала 2: 0.0 В, 0.0 А, OFF
2024-12-06 21:34:48,938 Отправка команды: CH1:MEASURE?
2024-12-06 21:34:48,939 Получен ответ: 12.0 В, 2.0 А, OFF
2024-12-06 21:34:48,939 Измерение состояния канала 1: 12.0 В, 2.0 А, OFF
2024-12-06 21:34:52,216 Отправка команды: CH3:MEASURE?
2024-12-06 21:34:52,217 Получен ответ: 0.0 В, 0.0 А, OFF
2024-12-06 21:34:52,217 Измерение состояния канала 3: 0.0 В, 0.0 А, OFF
2024-12-06 21:34:56,193 Отправка команды: CH4:MEASURE?
2024-12-06 21:34:56,194 Получен ответ: 0.0 В, 0.0 А, OFF
2024-12-06 21:34:56,194 Измерение состояния канала 4: 0.0 В, 0.0 А, OFF
2024-12-06 21:39:41,231 Task was destroyed but it is pending!
task: <Task pending name='Task-1' coro=<start_telemetry() running at /home/pshahsilo/home_app/DriverApp/app/main.py:24> cb=[<lambda>() at /home/pshahsilo/home_app/DriverApp/app/main.py:36]>
2024-12-06 21:48:01,249 Настройка тока: CH1:CURRENT 2.0
2024-12-06 21:48:01,249 Отправка команды: CH1:CURRENT 2.0
2024-12-06 21:48:01,250 Получен ответ: Ток установлен на 2.0 для канала 1
2024-12-06 21:48:01,251 Настройка напряжения: CH1:VOLTAGE 12.0
2024-12-06 21:48:01,251 Отправка команды: CH1:VOLTAGE 12.0
2024-12-06 21:48:01,251 Получен ответ: Напряжение установлено на 12.0 для канала 1
2024-12-06 21:48:01,251 Включение канала: 1
2024-12-06 21:48:01,252 Отправка команды: CH1:STATE ON
2024-12-06 21:48:01,252 Получен ответ: Канал 1 включен
2024-12-06 21:48:21,427 Отправка команды: CH1:MEASURE?
2024-12-06 21:48:21,428 Получен ответ: 12.0 В, 2.0 А, ON
2024-12-06 21:48:21,428 Измерение состояния канала 1: 12.0 В, 2.0 А, ON
2024-12-06 21:48:29,525 Выключение канала: 1
2024-12-06 21:48:29,525 Отправка команды: CH1:STATE OFF
2024-12-06 21:48:29,526 Получен ответ: Канал 1 выключен
2024-12-06 21:48:34,884 Отправка команды: CH1:MEASURE?
2024-12-06 21:48:34,885 Получен ответ: 12.0 В, 2.0 А, OFF
2024-12-06 21:48:34,885 Измерение состояния канала 1: 12.0 В, 2.0 А, OFF
2024-12-06 21:48:52,030 Настройка тока: CH1:CURRENT 2.5
2024-12-06 21:48:52,030 Отправка команды: CH1:CURRENT 2.5
2024-12-06 21:48:52,031 Получен ответ: Ток установлен на 2.5 для канала 1
2024-12-06 21:48:52,031 Настройка напряжения: CH1:VOLTAGE 15.0
2024-12-06 21:48:52,032 Отправка команды: CH1:VOLTAGE 15.0
2024-12-06 21:48:52,032 Получен ответ: Напряжение установлено на 15.0 для канала 1
2024-12-06 21:48:52,032 Включение канала: 1
2024-12-06 21:48:52,032 Отправка команды: CH1:STATE ON
2024-12-06 21:48:52,033 Получен ответ: Канал 1 включен
2024-12-06 21:48:57,148 Отправка команды: CH1:MEASURE?
2024-12-06 21:48:57,149 Получен ответ: 15.0 В, 2.5 А, ON
2024-12-06 21:48:57,149 Измерение состояния канала 1: 15.0 В, 2.5 А, ON
2024-12-06 21:49:30,840 Отправка команды: CH1:MEASURE?
2024-12-06 21:49:30,841 Получен ответ: 15.0 В, 2.5 А, ON
2024-12-06 21:49:30,841 Измерение состояния канала 1: 15.0 В, 2.5 А, ON
2024-12-06 21:52:22,762 Task was destroyed but it is pending!
task: <Task pending name='Task-1' coro=<start_telemetry() running at /home/pshahsilo/home_app/DriverApp/app/main.py:24> cb=[<lambda>() at /home/pshahsilo/home_app/DriverApp/app/main.py:36]>
2024-12-06 21:58:53,971 Настройка тока: CH1:CURRENT 2.0
2024-12-06 21:58:53,971 Отправка команды: CH1:CURRENT 2.0
2024-12-06 21:58:53,972 Получен ответ: Ток установлен на 2.0 для канала 1
2024-12-06 21:58:53,972 Настройка напряжения: CH1:VOLTAGE 12.0
2024-12-06 21:58:53,972 Отправка команды: CH1:VOLTAGE 12.0
2024-12-06 21:58:53,973 Получен ответ: Напряжение установлено на 12.0 для канала 1
2024-12-06 21:58:53,973 Включение канала: 1
2024-12-06 21:58:53,973 Отправка команды: CH1:STATE ON
2024-12-06 21:58:53,974 Получен ответ: Канал 1 включен
2024-12-06 21:59:22,270 Отправка команды: CH1:MEASURE?
2024-12-06 21:59:22,271 Получен ответ: 12.0 В, 2.0 А, ON
2024-12-06 21:59:22,271 Измерение состояния канала 1: 12.0 В, 2.0 А, ON
2024-12-06 21:59:53,385 Task was destroyed but it is pending!
task: <Task pending name='Task-1' coro=<start_telemetry() running at /home/pshahsilo/home_app/DriverApp/app/main.py:24> cb=[<lambda>() at /home/pshahsilo/home_app/DriverApp/app/main.py:36]>
2024-12-06 22:02:07,386 Настройка тока: CH4:CURRENT 1.0
2024-12-06 22:02:07,387 Отправка команды: CH4:CURRENT 1.0
2024-12-06 22:02:07,388 Получен ответ: Ток установлен на 1.0 для канала 4
2024-12-06 22:02:07,388 Настройка напряжения: CH4:VOLTAGE 5.0
2024-12-06 22:02:07,388 Отправка команды: CH4:VOLTAGE 5.0
2024-12-06 22:02:07,391 Получен ответ: Напряжение установлено на 5.0 для канала 4
2024-12-06 22:02:07,391 Включение канала: 4
2024-12-06 22:02:07,391 Отправка команды: CH4:STATE ON
2024-12-06 22:02:07,393 Получен ответ: Канал 4 включен
2024-12-06 22:02:13,974 Отправка команды: CH4:MEASURE?
2024-12-06 22:02:13,975 Получен ответ: 5.0 В, 1.0 А, ON
2024-12-06 22:02:13,975 Измерение состояния канала 4: 5.0 В, 1.0 А, ON
2024-12-06 22:02:43,613 Task was destroyed but it is pending!
task: <Task pending name='Task-1' coro=<start_telemetry() running at /home/pshahsilo/home_app/DriverApp/app/main.py:24> cb=[<lambda>() at /home/pshahsilo/home_app/DriverApp/app/main.py:36]>
2024-12-08 16:18:08,024 Настройка тока: CH5:CURRENT 1.0
2024-12-08 16:18:08,024 Отправка команды: CH5:CURRENT 1.0
2024-12-08 16:18:08,027 Получен ответ: 
2024-12-08 16:18:08,027 Настройка напряжения: CH5:VOLTAGE 1.0
2024-12-08 16:18:08,027 Отправка команды: CH5:VOLTAGE 1.0
2024-12-08 16:18:08,029 Получен ответ: 
2024-12-08 16:18:08,029 Ошибка включения канала 5: Канал 5 вне допустимого диапазона (1-4)
2024-12-08 16:19:49,191 Настройка тока: CH4:CURRENT 1.0
2024-12-08 16:19:49,192 Отправка команды: CH4:CURRENT 1.0
2024-12-08 16:19:49,192 Получен ответ: Ток установлен на 1.0 для канала 4
2024-12-08 16:19:49,193 Настройка напряжения: CH4:VOLTAGE 1.0
2024-12-08 16:19:49,193 Отправка команды: CH4:VOLTAGE 1.0
2024-12-08 16:19:49,193 Получен ответ: Напряжение установлено на 1.0 для канала 4
2024-12-08 16:19:49,193 Включение канала: 4
2024-12-08 16:19:49,193 Отправка команды: CH4:STATE ON
2024-12-08 16:19:49,194 Получен ответ: Канал 4 включен
2024-12-08 16:34:26,142 Task was destroyed but it is pending!
task: <Task pending name='Task-1' coro=<start_telemetry() running at /home/pshahsilo/home_app/DriverApp/app/main.py:24> cb=[<lambda>() at /home/pshahsilo/home_app/DriverApp/app/main.py:36]>
2024-12-08 16:35:01,814 Настройка тока: CH1:CURRENT 1.0
2024-12-08 16:35:01,814 Отправка команды: CH1:CURRENT 1.0
2024-12-08 16:35:01,815 Получен ответ: Ток установлен на 1.0 для канала 1
2024-12-08 16:35:01,815 Настройка напряжения: CH1:VOLTAGE 12.0
2024-12-08 16:35:01,815 Отправка команды: CH1:VOLTAGE 12.0
2024-12-08 16:35:01,816 Получен ответ: Напряжение установлено на 12.0 для канала 1
2024-12-08 16:35:01,816 Включение канала: 1
2024-12-08 16:35:01,817 Отправка команды: CH1:STATE ON
2024-12-08 16:35:01,817 Получен ответ: Канал 1 включен
